restaurant/app/build/intermediates/manifest_merge_blame_file/debug/manifest-merger-blame-debug-report.txt
1<?xml version="1.0" encoding="utf-8"?>
2<manifest xmlns:android="http://schemas.android.com/apk/res/android"
3    xmlns:dist="http://schemas.android.com/apk/distribution"
4    package="com.restaurant.app"
5    android:versionCode="1"
6    android:versionName="1.0" >
7
8    <uses-sdk
9        android:minSdkVersion="28"
9-->src\main\AndroidManifest.xml
10        android:targetSdkVersion="29" />
10-->src\main\AndroidManifest.xml
11
12    <dist:module dist:instant="true" />
12-->src\main\AndroidManifest.xml:6:5-40
12-->src\main\AndroidManifest.xml:6:18-37
13
14    <application
14-->src\main\AndroidManifest.xml:8:5-25:19
15        android:allowBackup="true"
15-->src\main\AndroidManifest.xml:9:9-35
16        android:appComponentFactory="androidx.core.app.CoreComponentFactory"
16-->[androidx.core:core:1.1.0] AndroidManifest.xml:24:18-86
17        android:debuggable="true"
18        android:icon="@mipmap/ic_launcher"
18-->src\main\AndroidManifest.xml:10:9-43
19        android:label="@string/app_name"
19-->src\main\AndroidManifest.xml:11:9-41
20        android:roundIcon="@mipmap/ic_launcher_round"
20-->src\main\AndroidManifest.xml:12:9-54
21        android:supportsRtl="true"
21-->src\main\AndroidManifest.xml:13:9-35
22        android:testOnly="true"
23        android:theme="@style/AppTheme" >
23-->src\main\AndroidManifest.xml:14:9-40
24        <activity android:name="com.restaurant.app.ManagementActivity" />
24-->src\main\AndroidManifest.xml:15:9-65
24-->src\main\AndroidManifest.xml:15:19-53
25        <activity android:name="com.restaurant.app.loginActivity" />
25-->src\main\AndroidManifest.xml:16:9-60
25-->src\main\AndroidManifest.xml:16:19-48
26        <activity android:name="com.restaurant.app.takeorder" />
26-->src\main\AndroidManifest.xml:17:9-56
26-->src\main\AndroidManifest.xml:17:19-44
27        <activity android:name="com.restaurant.app.MainActivity" >
27-->src\main\AndroidManifest.xml:18:9-24:20
27-->src\main\AndroidManifest.xml:18:19-47
28            <intent-filter>
28-->src\main\AndroidManifest.xml:19:13-23:29
29                <action android:name="android.intent.action.MAIN" />
29-->src\main\AndroidManifest.xml:20:17-69
29-->src\main\AndroidManifest.xml:20:25-66
30
31                <category android:name="android.intent.category.LAUNCHER" />
31-->src\main\AndroidManifest.xml:22:17-77
31-->src\main\AndroidManifest.xml:22:27-74
32            </intent-filter>
33        </activity>
34        <activity
34-->[com.google.firebase:firebase-auth:16.0.5] AndroidManifest.xml:24:9-31:50
35            android:name="com.google.firebase.auth.internal.FederatedSignInActivity"
35-->[com.google.firebase:firebase-auth:16.0.5] AndroidManifest.xml:25:13-85
36            android:excludeFromRecents="true"
36-->[com.google.firebase:firebase-auth:16.0.5] AndroidManifest.xml:26:13-46
37            android:exported="true"
37-->[com.google.firebase:firebase-auth:16.0.5] AndroidManifest.xml:27:13-36
38            android:launchMode="singleTask"
38-->[com.google.firebase:firebase-auth:16.0.5] AndroidManifest.xml:28:13-44
39            android:permission="com.google.firebase.auth.api.gms.permission.LAUNCH_FEDERATED_SIGN_IN"
39-->[com.google.firebase:firebase-auth:16.0.5] AndroidManifest.xml:29:13-102
40            android:theme="@android:style/Theme.Translucent.NoTitleBar" />
40-->[com.google.firebase:firebase-auth:16.0.5] AndroidManifest.xml:30:13-72
41
42        <service
42-->[com.google.firebase:firebase-auth:16.0.5] AndroidManifest.xml:33:9-39:19
43            android:name="com.google.firebase.components.ComponentDiscoveryService"
43-->[com.google.firebase:firebase-auth:16.0.5] AndroidManifest.xml:34:13-84
44            android:exported="false" >
44-->[com.google.firebase:firebase-auth:16.0.5] AndroidManifest.xml:35:13-37
45            <meta-data
45-->[com.google.firebase:firebase-auth:16.0.5] AndroidManifest.xml:36:13-38:85
46                android:name="com.google.firebase.components:com.google.firebase.auth.FirebaseAuthRegistrar"
46-->[com.google.firebase:firebase-auth:16.0.5] AndroidManifest.xml:37:17-109
47                android:value="com.google.firebase.components.ComponentRegistrar" />
47-->[com.google.firebase:firebase-auth:16.0.5] AndroidManifest.xml:38:17-82
48        </service>
49
50        <activity
50-->[com.google.android.gms:play-services-base:16.0.1] AndroidManifest.xml:23:9-26:75
51            android:name="com.google.android.gms.common.api.GoogleApiActivity"
51-->[com.google.android.gms:play-services-base:16.0.1] AndroidManifest.xml:24:13-79
52            android:exported="false"
52-->[com.google.android.gms:play-services-base:16.0.1] AndroidManifest.xml:25:13-37
53            android:theme="@android:style/Theme.Translucent.NoTitleBar" />
53-->[com.google.android.gms:play-services-base:16.0.1] AndroidManifest.xml:26:13-72
54
55        <provider
55-->[com.google.firebase:firebase-common:16.0.3] AndroidManifest.xml:10:9-14:39
56            android:name="com.google.firebase.provider.FirebaseInitProvider"
56-->[com.google.firebase:firebase-common:16.0.3] AndroidManifest.xml:11:13-77
57            android:authorities="com.restaurant.app.firebaseinitprovider"
57-->[com.google.firebase:firebase-common:16.0.3] AndroidManifest.xml:12:13-72
58            android:exported="false"
58-->[com.google.firebase:firebase-common:16.0.3] AndroidManifest.xml:13:13-37
59            android:initOrder="100" />
59-->[com.google.firebase:firebase-common:16.0.3] AndroidManifest.xml:14:13-36
60
61        <meta-data
61-->[com.google.android.gms:play-services-basement:16.1.0] AndroidManifest.xml:23:9-25:69
62            android:name="com.google.android.gms.version"
62-->[com.google.android.gms:play-services-basement:16.1.0] AndroidManifest.xml:24:13-58
63            android:value="@integer/google_play_services_version" />
63-->[com.google.android.gms:play-services-basement:16.1.0] AndroidManifest.xml:25:13-66
64    </application>
65
66</manifest>